INFO:root:Helloworld54.1
INFO:root:liquidclimberworker: current is: {1: 1, 2: 1}phase is: 2todolist is: [1, 2]
INFO:root: liquidclimberworker: m, current[m], maxmyversions, (current[m] < maxmyversions)1 1 10 True
INFO:root: type(current[m]), type(maxmyversions)<type 'int'> <type 'int'>
INFO:root:liquidclimberworker: package is: 1
INFO:root:liquidclimberworker pack-ver: 110
INFO:root:liquidclimberworker calling hunter
INFO:root:hunter: packagestopush [1, 2]
INFO:root:hunter: newsourcemap {1: [1, 2, 3, 4, 5, 6, 7, 8, 9, 10], 2: [1, 2, 3, 4, 5]}
INFO:root:trying temp3 : {1: 10, 2: 5}
INFO:root:--- checkworks listofpackversions, lastpackchanged:{1: 10, 2: 5} 2
INFO:root:--- checkworks package before : [] 1
INFO:root:--- memorydecidepackage historyofpackversions is empty
INFO:root: -- checkworks memorydecidepackage returned true
INFO:root:--- checkworks package after : 1
INFO:root:--- checkworks package before : [[1, 10]] 2
INFO:root:+++ memorydecidepackage -- position 2
INFO:root: -- checkworks memorydecidepackage returned true
INFO:root:--- checkworks package after : 2
INFO:root:Tested configuration in works: {1: 10, 2: 5}
INFO:root:Running number of configurations tested: 1
INFO:root:findminimal currentconf: {1: 10, 2: 5}
INFO:root:  findminimal P: 2
INFO:root:  findminimal s: {1: 1, 2: 1}
INFO:root:  findminimal flag: False
INFO:root:trying temp3 : {1: 9, 2: 5}
INFO:root:--- checkworks listofpackversions, lastpackchanged:{1: 9, 2: 5} 1
INFO:root:--- checkworks package before : [] 1
INFO:root:--- memorydecidepackage historyofpackversions is empty
INFO:root: -- checkworks memorydecidepackage returned true
INFO:root:--- checkworks package after : 1
INFO:root:--- checkworks package before : [[1, 9]] 2
INFO:root:+++ memorydecidepackage -- position 2
INFO:root: -- checkworks memorydecidepackage returned true
INFO:root:--- checkworks package after : 2
INFO:root:Tested configuration in works: {1: 9, 2: 5}
INFO:root:Running number of configurations tested: 2
INFO:root:findminimal currentconf: {1: 9, 2: 5}
INFO:root:  findminimal P: 1
INFO:root:  findminimal s: {1: 1, 2: 1}
INFO:root:  findminimal flag: False
INFO:root:trying temp3 : {1: 8, 2: 5}
INFO:root:--- checkworks listofpackversions, lastpackchanged:{1: 8, 2: 5} 1
INFO:root:--- checkworks package before : [] 1
INFO:root:--- memorydecidepackage historyofpackversions is empty
INFO:root: -- checkworks memorydecidepackage returned true
INFO:root:--- checkworks package after : 1
INFO:root:--- checkworks package before : [[1, 8]] 2
INFO:root:+++ memorydecidepackage -- position 2
INFO:root: -- checkworks memorydecidepackage returned true
INFO:root:--- checkworks package after : 2
INFO:root:Tested configuration in works: {1: 8, 2: 5}
INFO:root:Running number of configurations tested: 3
INFO:root:findminimal currentconf: {1: 8, 2: 5}
INFO:root:  findminimal P: 1
INFO:root:  findminimal s: {1: 1, 2: 1}
INFO:root:  findminimal flag: False
INFO:root:trying temp3 : {1: 7, 2: 5}
INFO:root:--- checkworks listofpackversions, lastpackchanged:{1: 7, 2: 5} 1
INFO:root:--- checkworks package before : [] 1
INFO:root:--- memorydecidepackage historyofpackversions is empty
INFO:root: -- checkworks memorydecidepackage returned true
INFO:root:--- checkworks package after : 1
INFO:root:--- checkworks package before : [[1, 7]] 2
INFO:root:+++ memorydecidepackage -- position 2
INFO:root: -- checkworks memorydecidepackage returned true
INFO:root:--- checkworks package after : 2
INFO:root:Tested configuration in works: {1: 7, 2: 5}
INFO:root:Running number of configurations tested: 4
INFO:root:findminimal currentconf: {1: 7, 2: 5}
INFO:root:  findminimal P: 1
INFO:root:  findminimal s: {1: 1, 2: 1}
INFO:root:  findminimal flag: False
INFO:root:trying temp3 : {1: 6, 2: 5}
INFO:root:--- checkworks listofpackversions, lastpackchanged:{1: 6, 2: 5} 1
INFO:root:--- checkworks package before : [] 1
INFO:root:--- memorydecidepackage historyofpackversions is empty
INFO:root: -- checkworks memorydecidepackage returned true
INFO:root:--- checkworks package after : 1
INFO:root:--- checkworks package before : [[1, 6]] 2
INFO:root:+++ memorydecidepackage -- position 2
INFO:root: -- checkworks memorydecidepackage returned true
INFO:root:--- checkworks package after : 2
INFO:root:Tested configuration in works: {1: 6, 2: 5}
INFO:root:Running number of configurations tested: 5
INFO:root:findminimal currentconf: {1: 6, 2: 5}
INFO:root:  findminimal P: 1
INFO:root:  findminimal s: {1: 1, 2: 1}
INFO:root:  findminimal flag: False
INFO:root:trying temp3 : {1: 5, 2: 5}
INFO:root:--- checkworks listofpackversions, lastpackchanged:{1: 5, 2: 5} 1
INFO:root:--- checkworks package before : [] 1
INFO:root:--- memorydecidepackage historyofpackversions is empty
INFO:root: -- checkworks memorydecidepackage returned true
INFO:root:--- checkworks package after : 1
INFO:root:--- checkworks package before : [[1, 5]] 2
INFO:root:+++ memorydecidepackage -- position 2
INFO:root: -- checkworks memorydecidepackage returned true
INFO:root:--- checkworks package after : 2
INFO:root:Tested configuration in works: {1: 5, 2: 5}
INFO:root:Running number of configurations tested: 6
INFO:root:findminimal currentconf: {1: 5, 2: 5}
INFO:root:  findminimal P: 1
INFO:root:  findminimal s: {1: 1, 2: 1}
INFO:root:  findminimal flag: False
INFO:root:trying temp3 : {1: 4, 2: 5}
INFO:root:--- checkworks listofpackversions, lastpackchanged:{1: 4, 2: 5} 1
INFO:root:--- checkworks package before : [] 1
INFO:root:--- memorydecidepackage historyofpackversions is empty
INFO:root: -- checkworks memorydecidepackage returned true
INFO:root:--- checkworks package after : 1
INFO:root:--- checkworks package before : [[1, 4]] 2
INFO:root:+++ memorydecidepackage -- position 2
INFO:root: -- checkworks memorydecidepackage returned true
INFO:root:--- checkworks package after : 2
INFO:root:Tested configuration in works: {1: 4, 2: 5}
INFO:root:Running number of configurations tested: 7
INFO:root:findminimal currentconf: {1: 4, 2: 5}
INFO:root:  findminimal P: 1
INFO:root:  findminimal s: {1: 1, 2: 1}
INFO:root:  findminimal flag: False
INFO:root:trying temp3 : {1: 3, 2: 5}
INFO:root:--- checkworks listofpackversions, lastpackchanged:{1: 3, 2: 5} 1
INFO:root:--- checkworks package before : [] 1
INFO:root:--- memorydecidepackage historyofpackversions is empty
INFO:root: -- checkworks memorydecidepackage returned true
INFO:root:--- checkworks package after : 1
INFO:root:--- checkworks package before : [[1, 3]] 2
INFO:root:+++ memorydecidepackage -- position 2
INFO:root: -- checkworks memorydecidepackage returned true
INFO:root:--- checkworks package after : 2
INFO:root:Tested configuration in works: {1: 3, 2: 5}
INFO:root:Running number of configurations tested: 8
INFO:root:findminimal currentconf: {1: 3, 2: 5}
INFO:root:  findminimal P: 1
INFO:root:  findminimal s: {1: 1, 2: 1}
INFO:root:  findminimal flag: False
INFO:root:trying temp3 : {1: 2, 2: 5}
INFO:root:--- checkworks listofpackversions, lastpackchanged:{1: 2, 2: 5} 1
INFO:root:--- checkworks package before : [] 1
INFO:root:--- memorydecidepackage historyofpackversions is empty
INFO:root: -- checkworks memorydecidepackage returned true
INFO:root:--- checkworks package after : 1
INFO:root:--- checkworks package before : [[1, 2]] 2
INFO:root:+++ memorydecidepackage -- position 2
INFO:root: -- checkworks memorydecidepackage returned true
INFO:root:--- checkworks package after : 2
INFO:root:Tested configuration in works: {1: 2, 2: 5}
INFO:root:Running number of configurations tested: 9
INFO:root:findminimal currentconf: {1: 2, 2: 5}
INFO:root:  findminimal P: 1
INFO:root:  findminimal s: {1: 1, 2: 1}
INFO:root:  findminimal flag: False
INFO:root:trying temp3 : {1: 1, 2: 5}
INFO:root:--- checkworks listofpackversions, lastpackchanged:{1: 1, 2: 5} 1
INFO:root:--- checkworks package before : [] 1
INFO:root:--- memorydecidepackage historyofpackversions is empty
INFO:root: -- checkworks memorydecidepackage returned true
INFO:root:--- checkworks package after : 1
INFO:root:--- checkworks package before : [[1, 1]] 2
INFO:root:+++ memorydecidepackage -- position 2
INFO:root: -- checkworks memorydecidepackage returned true
INFO:root:--- checkworks package after : 2
INFO:root:Tested configuration in works: {1: 1, 2: 5}
INFO:root:Running number of configurations tested: 10
INFO:root:findminimal currentconf: {1: 1, 2: 5}
INFO:root:  findminimal P: 1
INFO:root:  findminimal s: {1: 1, 2: 1}
INFO:root:  findminimal flag: False
INFO:root:trying temp3 : {1: 10, 2: 4}
INFO:root:--- checkworks listofpackversions, lastpackchanged:{1: 10, 2: 4} 2
INFO:root:--- checkworks package before : [] 1
INFO:root:--- memorydecidepackage historyofpackversions is empty
INFO:root: -- checkworks memorydecidepackage returned true
INFO:root:--- checkworks package after : 1
INFO:root:--- checkworks package before : [[1, 10]] 2
INFO:root:+++ memorydecidepackage -- position 2
INFO:root: -- checkworks memorydecidepackage returned true
INFO:root:--- checkworks package after : 2
INFO:root:Tested configuration in works: {1: 10, 2: 4}
INFO:root:Running number of configurations tested: 11
INFO:root:  Test successful!
INFO:root:xxx successful config: {1: 10, 2: 4}
INFO:root:return value: {1: 10, 2: 4} for config: {1: 10, 2: 1}
INFO:root:liquidclimberworker: current is: {1: 10, 2: 4}phase is: 2todolist is: [1, 2]
INFO:root: liquidclimberworker: m, current[m], maxmyversions, (current[m] < maxmyversions)2 4 5 True
INFO:root: type(current[m]), type(maxmyversions)<type 'int'> <type 'int'>
INFO:root:liquidclimberworker: package is: 2
INFO:root:liquidclimberworker pack-ver: 25
INFO:root:liquidclimberworker calling hunter
INFO:root:hunter: packagestopush [2]
INFO:root:hunter: newsourcemap {1: [1, 2, 3, 4, 5, 6, 7, 8, 9, 10], 2: [1, 2, 3, 4, 5]}
INFO:root:trying temp3 : {1: 10, 2: 5}
INFO:root:--- checkworks listofpackversions, lastpackchanged:{1: 10, 2: 5} 2
INFO:root:--- checkworks package before : [] 1
INFO:root:--- memorydecidepackage historyofpackversions is empty
INFO:root: -- checkworks memorydecidepackage returned true
INFO:root:--- checkworks package after : 1
INFO:root:--- checkworks package before : [[1, 10]] 2
INFO:root:+++ memorydecidepackage -- position 2
INFO:root: -- checkworks memorydecidepackage returned true
INFO:root:--- checkworks package after : 2
INFO:root:Tested configuration in works: {1: 10, 2: 5}
INFO:root:Running number of configurations tested: 12
INFO:root:findminimal currentconf: {1: 10, 2: 5}
INFO:root:  findminimal P: 2
INFO:root:  findminimal s: {1: 1, 2: 1}
INFO:root:  findminimal flag: False
INFO:root:  findminimal s: {1: 10, 2: 4}
INFO:root:  findminimal flag: True
INFO:root:  findminimal is returning True
INFO:root:trying temp3 : {1: 10, 2: 4}
INFO:root:--- checkworks listofpackversions, lastpackchanged:{1: 10, 2: 4} 2
INFO:root:listofpackversions: {1: 10, 2: 4}
INFO:root:matching successful run: {1: 10, 2: 4}
INFO:root:xxx successful config: {1: 10, 2: 4}
INFO:root:return value: {1: 10, 2: 4} for config: {1: 10, 2: 5}
INFO:root:Helloworld54.1
INFO:root:liquidclimberworker: current is: {1: 1, 2: 1}phase is: 2todolist is: [1, 2]
INFO:root: liquidclimberworker: m, current[m], maxmyversions, (current[m] < maxmyversions)1 1 10 True
INFO:root: type(current[m]), type(maxmyversions)<type 'int'> <type 'int'>
INFO:root:liquidclimberworker: package is: 1
INFO:root:liquidclimberworker pack-ver: 110
INFO:root:liquidclimberworker calling hunter
INFO:root:hunter: packagestopush [1, 2]
INFO:root:hunter: newsourcemap {1: [1, 2, 3, 4, 5, 6, 7, 8, 9, 10], 2: [1, 2, 3, 4, 5]}
INFO:root:trying temp3 : {1: 10, 2: 5}
INFO:root:--- checkworks listofpackversions, lastpackchanged:{1: 10, 2: 5} 2
INFO:root:--- checkworks package before : [] 1
INFO:root:--- memorydecidepackage historyofpackversions is empty
INFO:root: -- checkworks memorydecidepackage returned true
INFO:root:--- checkworks package after : 1
INFO:root:--- checkworks package before : [[1, 10]] 2
INFO:root:+++ memorydecidepackage -- position 2
INFO:root: -- checkworks memorydecidepackage returned true
INFO:root:--- checkworks package after : 2
INFO:root:Tested configuration in works: {1: 10, 2: 5}
INFO:root:Running number of configurations tested: 1
INFO:root:findminimal currentconf: {1: 10, 2: 5}
INFO:root:  findminimal P: 2
INFO:root:  findminimal s: {1: 1, 2: 1}
INFO:root:  findminimal flag: False
INFO:root:trying temp3 : {1: 9, 2: 5}
INFO:root:--- checkworks listofpackversions, lastpackchanged:{1: 9, 2: 5} 1
INFO:root:--- checkworks package before : [] 1
INFO:root:--- memorydecidepackage historyofpackversions is empty
INFO:root: -- checkworks memorydecidepackage returned true
INFO:root:--- checkworks package after : 1
INFO:root:--- checkworks package before : [[1, 9]] 2
INFO:root:+++ memorydecidepackage -- position 2
INFO:root: -- checkworks memorydecidepackage returned true
INFO:root:--- checkworks package after : 2
INFO:root:Tested configuration in works: {1: 9, 2: 5}
INFO:root:Running number of configurations tested: 2
INFO:root:findminimal currentconf: {1: 9, 2: 5}
INFO:root:  findminimal P: 1
INFO:root:  findminimal s: {1: 1, 2: 1}
INFO:root:  findminimal flag: False
INFO:root:trying temp3 : {1: 8, 2: 5}
INFO:root:--- checkworks listofpackversions, lastpackchanged:{1: 8, 2: 5} 1
INFO:root:--- checkworks package before : [] 1
INFO:root:--- memorydecidepackage historyofpackversions is empty
INFO:root: -- checkworks memorydecidepackage returned true
INFO:root:--- checkworks package after : 1
INFO:root:--- checkworks package before : [[1, 8]] 2
INFO:root:+++ memorydecidepackage -- position 2
INFO:root: -- checkworks memorydecidepackage returned true
INFO:root:--- checkworks package after : 2
INFO:root:Tested configuration in works: {1: 8, 2: 5}
INFO:root:Running number of configurations tested: 3
INFO:root:findminimal currentconf: {1: 8, 2: 5}
INFO:root:  findminimal P: 1
INFO:root:  findminimal s: {1: 1, 2: 1}
INFO:root:  findminimal flag: False
INFO:root:trying temp3 : {1: 7, 2: 5}
INFO:root:--- checkworks listofpackversions, lastpackchanged:{1: 7, 2: 5} 1
INFO:root:--- checkworks package before : [] 1
INFO:root:--- memorydecidepackage historyofpackversions is empty
INFO:root: -- checkworks memorydecidepackage returned true
INFO:root:--- checkworks package after : 1
INFO:root:--- checkworks package before : [[1, 7]] 2
INFO:root:+++ memorydecidepackage -- position 2
INFO:root: -- checkworks memorydecidepackage returned true
INFO:root:--- checkworks package after : 2
INFO:root:Tested configuration in works: {1: 7, 2: 5}
INFO:root:Running number of configurations tested: 4
INFO:root:findminimal currentconf: {1: 7, 2: 5}
INFO:root:  findminimal P: 1
INFO:root:  findminimal s: {1: 1, 2: 1}
INFO:root:  findminimal flag: False
INFO:root:trying temp3 : {1: 6, 2: 5}
INFO:root:--- checkworks listofpackversions, lastpackchanged:{1: 6, 2: 5} 1
INFO:root:--- checkworks package before : [] 1
INFO:root:--- memorydecidepackage historyofpackversions is empty
INFO:root: -- checkworks memorydecidepackage returned true
INFO:root:--- checkworks package after : 1
INFO:root:--- checkworks package before : [[1, 6]] 2
INFO:root:+++ memorydecidepackage -- position 2
INFO:root: -- checkworks memorydecidepackage returned true
INFO:root:--- checkworks package after : 2
INFO:root:Tested configuration in works: {1: 6, 2: 5}
INFO:root:Running number of configurations tested: 5
INFO:root:findminimal currentconf: {1: 6, 2: 5}
INFO:root:  findminimal P: 1
INFO:root:  findminimal s: {1: 1, 2: 1}
INFO:root:  findminimal flag: False
INFO:root:trying temp3 : {1: 5, 2: 5}
INFO:root:--- checkworks listofpackversions, lastpackchanged:{1: 5, 2: 5} 1
INFO:root:--- checkworks package before : [] 1
INFO:root:--- memorydecidepackage historyofpackversions is empty
INFO:root: -- checkworks memorydecidepackage returned true
INFO:root:--- checkworks package after : 1
INFO:root:--- checkworks package before : [[1, 5]] 2
INFO:root:+++ memorydecidepackage -- position 2
INFO:root: -- checkworks memorydecidepackage returned true
INFO:root:--- checkworks package after : 2
INFO:root:Tested configuration in works: {1: 5, 2: 5}
INFO:root:Running number of configurations tested: 6
INFO:root:findminimal currentconf: {1: 5, 2: 5}
INFO:root:  findminimal P: 1
INFO:root:  findminimal s: {1: 1, 2: 1}
INFO:root:  findminimal flag: False
INFO:root:trying temp3 : {1: 4, 2: 5}
INFO:root:--- checkworks listofpackversions, lastpackchanged:{1: 4, 2: 5} 1
INFO:root:--- checkworks package before : [] 1
INFO:root:--- memorydecidepackage historyofpackversions is empty
INFO:root: -- checkworks memorydecidepackage returned true
INFO:root:--- checkworks package after : 1
INFO:root:--- checkworks package before : [[1, 4]] 2
INFO:root:+++ memorydecidepackage -- position 2
INFO:root: -- checkworks memorydecidepackage returned true
INFO:root:--- checkworks package after : 2
INFO:root:Tested configuration in works: {1: 4, 2: 5}
INFO:root:Running number of configurations tested: 7
INFO:root:findminimal currentconf: {1: 4, 2: 5}
INFO:root:  findminimal P: 1
INFO:root:  findminimal s: {1: 1, 2: 1}
INFO:root:  findminimal flag: False
INFO:root:trying temp3 : {1: 3, 2: 5}
INFO:root:--- checkworks listofpackversions, lastpackchanged:{1: 3, 2: 5} 1
INFO:root:--- checkworks package before : [] 1
INFO:root:--- memorydecidepackage historyofpackversions is empty
INFO:root: -- checkworks memorydecidepackage returned true
INFO:root:--- checkworks package after : 1
INFO:root:--- checkworks package before : [[1, 3]] 2
INFO:root:+++ memorydecidepackage -- position 2
INFO:root: -- checkworks memorydecidepackage returned true
INFO:root:--- checkworks package after : 2
INFO:root:Tested configuration in works: {1: 3, 2: 5}
INFO:root:Running number of configurations tested: 8
INFO:root:findminimal currentconf: {1: 3, 2: 5}
INFO:root:  findminimal P: 1
INFO:root:  findminimal s: {1: 1, 2: 1}
INFO:root:  findminimal flag: False
INFO:root:trying temp3 : {1: 2, 2: 5}
INFO:root:--- checkworks listofpackversions, lastpackchanged:{1: 2, 2: 5} 1
INFO:root:--- checkworks package before : [] 1
INFO:root:--- memorydecidepackage historyofpackversions is empty
INFO:root: -- checkworks memorydecidepackage returned true
INFO:root:--- checkworks package after : 1
INFO:root:--- checkworks package before : [[1, 2]] 2
INFO:root:+++ memorydecidepackage -- position 2
INFO:root: -- checkworks memorydecidepackage returned true
INFO:root:--- checkworks package after : 2
INFO:root:Tested configuration in works: {1: 2, 2: 5}
INFO:root:Running number of configurations tested: 9
INFO:root:findminimal currentconf: {1: 2, 2: 5}
INFO:root:  findminimal P: 1
INFO:root:  findminimal s: {1: 1, 2: 1}
INFO:root:  findminimal flag: False
INFO:root:trying temp3 : {1: 1, 2: 5}
INFO:root:--- checkworks listofpackversions, lastpackchanged:{1: 1, 2: 5} 1
INFO:root:--- checkworks package before : [] 1
INFO:root:--- memorydecidepackage historyofpackversions is empty
INFO:root: -- checkworks memorydecidepackage returned true
INFO:root:--- checkworks package after : 1
INFO:root:--- checkworks package before : [[1, 1]] 2
INFO:root:+++ memorydecidepackage -- position 2
INFO:root: -- checkworks memorydecidepackage returned true
INFO:root:--- checkworks package after : 2
INFO:root:Tested configuration in works: {1: 1, 2: 5}
INFO:root:Running number of configurations tested: 10
INFO:root:findminimal currentconf: {1: 1, 2: 5}
INFO:root:  findminimal P: 1
INFO:root:  findminimal s: {1: 1, 2: 1}
INFO:root:  findminimal flag: False
INFO:root:trying temp3 : {1: 10, 2: 4}
INFO:root:--- checkworks listofpackversions, lastpackchanged:{1: 10, 2: 4} 2
INFO:root:--- checkworks package before : [] 1
INFO:root:--- memorydecidepackage historyofpackversions is empty
INFO:root: -- checkworks memorydecidepackage returned true
INFO:root:--- checkworks package after : 1
INFO:root:--- checkworks package before : [[1, 10]] 2
INFO:root:+++ memorydecidepackage -- position 2
INFO:root: -- checkworks memorydecidepackage returned true
INFO:root:--- checkworks package after : 2
INFO:root:Tested configuration in works: {1: 10, 2: 4}
INFO:root:Running number of configurations tested: 11
INFO:root:findminimal currentconf: {1: 10, 2: 4}
INFO:root:  findminimal P: 2
INFO:root:  findminimal s: {1: 1, 2: 1}
INFO:root:  findminimal flag: False
INFO:root:trying temp3 : {1: 9, 2: 4}
INFO:root:--- checkworks listofpackversions, lastpackchanged:{1: 9, 2: 4} 1
INFO:root:--- checkworks package before : [] 1
INFO:root:--- memorydecidepackage historyofpackversions is empty
INFO:root: -- checkworks memorydecidepackage returned true
INFO:root:--- checkworks package after : 1
INFO:root:--- checkworks package before : [[1, 9]] 2
INFO:root:+++ memorydecidepackage -- position 2
INFO:root: -- checkworks memorydecidepackage returned true
INFO:root:--- checkworks package after : 2
INFO:root:Tested configuration in works: {1: 9, 2: 4}
INFO:root:Running number of configurations tested: 12
INFO:root:findminimal currentconf: {1: 9, 2: 4}
INFO:root:  findminimal P: 1
INFO:root:  findminimal s: {1: 1, 2: 1}
INFO:root:  findminimal flag: False
INFO:root:trying temp3 : {1: 8, 2: 4}
INFO:root:--- checkworks listofpackversions, lastpackchanged:{1: 8, 2: 4} 1
INFO:root:--- checkworks package before : [] 1
INFO:root:--- memorydecidepackage historyofpackversions is empty
INFO:root: -- checkworks memorydecidepackage returned true
INFO:root:--- checkworks package after : 1
INFO:root:--- checkworks package before : [[1, 8]] 2
INFO:root:+++ memorydecidepackage -- position 2
INFO:root: -- checkworks memorydecidepackage returned true
INFO:root:--- checkworks package after : 2
INFO:root:Tested configuration in works: {1: 8, 2: 4}
INFO:root:Running number of configurations tested: 13
INFO:root:findminimal currentconf: {1: 8, 2: 4}
INFO:root:  findminimal P: 1
INFO:root:  findminimal s: {1: 1, 2: 1}
INFO:root:  findminimal flag: False
INFO:root:trying temp3 : {1: 7, 2: 4}
INFO:root:--- checkworks listofpackversions, lastpackchanged:{1: 7, 2: 4} 1
INFO:root:--- checkworks package before : [] 1
INFO:root:--- memorydecidepackage historyofpackversions is empty
INFO:root: -- checkworks memorydecidepackage returned true
INFO:root:--- checkworks package after : 1
INFO:root:--- checkworks package before : [[1, 7]] 2
INFO:root:+++ memorydecidepackage -- position 2
INFO:root: -- checkworks memorydecidepackage returned true
INFO:root:--- checkworks package after : 2
INFO:root:Tested configuration in works: {1: 7, 2: 4}
INFO:root:Running number of configurations tested: 14
INFO:root:findminimal currentconf: {1: 7, 2: 4}
INFO:root:  findminimal P: 1
INFO:root:  findminimal s: {1: 1, 2: 1}
INFO:root:  findminimal flag: False
INFO:root:trying temp3 : {1: 6, 2: 4}
INFO:root:--- checkworks listofpackversions, lastpackchanged:{1: 6, 2: 4} 1
INFO:root:--- checkworks package before : [] 1
INFO:root:--- memorydecidepackage historyofpackversions is empty
INFO:root: -- checkworks memorydecidepackage returned true
INFO:root:--- checkworks package after : 1
INFO:root:--- checkworks package before : [[1, 6]] 2
INFO:root:+++ memorydecidepackage -- position 2
INFO:root: -- checkworks memorydecidepackage returned true
INFO:root:--- checkworks package after : 2
INFO:root:Tested configuration in works: {1: 6, 2: 4}
INFO:root:Running number of configurations tested: 15
INFO:root:findminimal currentconf: {1: 6, 2: 4}
INFO:root:  findminimal P: 1
INFO:root:  findminimal s: {1: 1, 2: 1}
INFO:root:  findminimal flag: False
INFO:root:trying temp3 : {1: 5, 2: 4}
INFO:root:--- checkworks listofpackversions, lastpackchanged:{1: 5, 2: 4} 1
INFO:root:--- checkworks package before : [] 1
INFO:root:--- memorydecidepackage historyofpackversions is empty
INFO:root: -- checkworks memorydecidepackage returned true
INFO:root:--- checkworks package after : 1
INFO:root:--- checkworks package before : [[1, 5]] 2
INFO:root:+++ memorydecidepackage -- position 2
INFO:root: -- checkworks memorydecidepackage returned true
INFO:root:--- checkworks package after : 2
INFO:root:Tested configuration in works: {1: 5, 2: 4}
INFO:root:Running number of configurations tested: 16
INFO:root:findminimal currentconf: {1: 5, 2: 4}
INFO:root:  findminimal P: 1
INFO:root:  findminimal s: {1: 1, 2: 1}
INFO:root:  findminimal flag: False
INFO:root:trying temp3 : {1: 4, 2: 4}
INFO:root:--- checkworks listofpackversions, lastpackchanged:{1: 4, 2: 4} 1
INFO:root:--- checkworks package before : [] 1
INFO:root:--- memorydecidepackage historyofpackversions is empty
INFO:root: -- checkworks memorydecidepackage returned true
INFO:root:--- checkworks package after : 1
INFO:root:--- checkworks package before : [[1, 4]] 2
INFO:root:+++ memorydecidepackage -- position 2
INFO:root: -- checkworks memorydecidepackage returned true
INFO:root:--- checkworks package after : 2
INFO:root:Tested configuration in works: {1: 4, 2: 4}
INFO:root:Running number of configurations tested: 17
INFO:root:findminimal currentconf: {1: 4, 2: 4}
INFO:root:  findminimal P: 1
INFO:root:  findminimal s: {1: 1, 2: 1}
INFO:root:  findminimal flag: False
INFO:root:trying temp3 : {1: 3, 2: 4}
INFO:root:--- checkworks listofpackversions, lastpackchanged:{1: 3, 2: 4} 1
INFO:root:--- checkworks package before : [] 1
INFO:root:--- memorydecidepackage historyofpackversions is empty
INFO:root: -- checkworks memorydecidepackage returned true
INFO:root:--- checkworks package after : 1
INFO:root:--- checkworks package before : [[1, 3]] 2
INFO:root:+++ memorydecidepackage -- position 2
INFO:root: -- checkworks memorydecidepackage returned true
INFO:root:--- checkworks package after : 2
INFO:root:Tested configuration in works: {1: 3, 2: 4}
INFO:root:Running number of configurations tested: 18
INFO:root:findminimal currentconf: {1: 3, 2: 4}
INFO:root:  findminimal P: 1
INFO:root:  findminimal s: {1: 1, 2: 1}
INFO:root:  findminimal flag: False
INFO:root:trying temp3 : {1: 2, 2: 4}
INFO:root:--- checkworks listofpackversions, lastpackchanged:{1: 2, 2: 4} 1
INFO:root:--- checkworks package before : [] 1
INFO:root:--- memorydecidepackage historyofpackversions is empty
INFO:root: -- checkworks memorydecidepackage returned true
INFO:root:--- checkworks package after : 1
INFO:root:--- checkworks package before : [[1, 2]] 2
INFO:root:+++ memorydecidepackage -- position 2
INFO:root: -- checkworks memorydecidepackage returned true
INFO:root:--- checkworks package after : 2
INFO:root:Tested configuration in works: {1: 2, 2: 4}
INFO:root:Running number of configurations tested: 19
INFO:root:findminimal currentconf: {1: 2, 2: 4}
INFO:root:  findminimal P: 1
INFO:root:  findminimal s: {1: 1, 2: 1}
INFO:root:  findminimal flag: False
INFO:root:trying temp3 : {1: 1, 2: 4}
INFO:root:--- checkworks listofpackversions, lastpackchanged:{1: 1, 2: 4} 1
INFO:root:--- checkworks package before : [] 1
INFO:root:--- memorydecidepackage historyofpackversions is empty
INFO:root: -- checkworks memorydecidepackage returned true
INFO:root:--- checkworks package after : 1
INFO:root:--- checkworks package before : [[1, 1]] 2
INFO:root:+++ memorydecidepackage -- position 2
INFO:root: -- checkworks memorydecidepackage returned true
INFO:root:--- checkworks package after : 2
INFO:root:Tested configuration in works: {1: 1, 2: 4}
INFO:root:Running number of configurations tested: 20
INFO:root:findminimal currentconf: {1: 1, 2: 4}
INFO:root:  findminimal P: 1
INFO:root:  findminimal s: {1: 1, 2: 1}
INFO:root:  findminimal flag: False
INFO:root:trying temp3 : {1: 10, 2: 3}
INFO:root:--- checkworks listofpackversions, lastpackchanged:{1: 10, 2: 3} 2
INFO:root:--- checkworks package before : [] 1
INFO:root:--- memorydecidepackage historyofpackversions is empty
INFO:root: -- checkworks memorydecidepackage returned true
INFO:root:--- checkworks package after : 1
INFO:root:--- checkworks package before : [[1, 10]] 2
INFO:root:+++ memorydecidepackage -- position 2
INFO:root: -- checkworks memorydecidepackage returned true
INFO:root:--- checkworks package after : 2
INFO:root:Tested configuration in works: {1: 10, 2: 3}
INFO:root:Running number of configurations tested: 21
INFO:root:findminimal currentconf: {1: 10, 2: 3}
INFO:root:  findminimal P: 2
INFO:root:  findminimal s: {1: 1, 2: 1}
INFO:root:  findminimal flag: False
INFO:root:trying temp3 : {1: 9, 2: 3}
INFO:root:--- checkworks listofpackversions, lastpackchanged:{1: 9, 2: 3} 1
INFO:root:--- checkworks package before : [] 1
INFO:root:--- memorydecidepackage historyofpackversions is empty
INFO:root: -- checkworks memorydecidepackage returned true
INFO:root:--- checkworks package after : 1
INFO:root:--- checkworks package before : [[1, 9]] 2
INFO:root:+++ memorydecidepackage -- position 2
INFO:root: -- checkworks memorydecidepackage returned true
INFO:root:--- checkworks package after : 2
INFO:root:Tested configuration in works: {1: 9, 2: 3}
INFO:root:Running number of configurations tested: 22
INFO:root:findminimal currentconf: {1: 9, 2: 3}
INFO:root:  findminimal P: 1
INFO:root:  findminimal s: {1: 1, 2: 1}
INFO:root:  findminimal flag: False
INFO:root:trying temp3 : {1: 8, 2: 3}
INFO:root:--- checkworks listofpackversions, lastpackchanged:{1: 8, 2: 3} 1
INFO:root:--- checkworks package before : [] 1
INFO:root:--- memorydecidepackage historyofpackversions is empty
INFO:root: -- checkworks memorydecidepackage returned true
INFO:root:--- checkworks package after : 1
INFO:root:--- checkworks package before : [[1, 8]] 2
INFO:root:+++ memorydecidepackage -- position 2
INFO:root: -- checkworks memorydecidepackage returned true
INFO:root:--- checkworks package after : 2
INFO:root:Tested configuration in works: {1: 8, 2: 3}
INFO:root:Running number of configurations tested: 23
INFO:root:  Test successful!
INFO:root:xxx successful config: {1: 8, 2: 3}
INFO:root:return value: {1: 8, 2: 3} for config: {1: 10, 2: 1}
INFO:root:liquidclimberworker: current is: {1: 8, 2: 3}phase is: 2todolist is: [1, 2]
INFO:root: liquidclimberworker: m, current[m], maxmyversions, (current[m] < maxmyversions)2 3 5 True
INFO:root: type(current[m]), type(maxmyversions)<type 'int'> <type 'int'>
INFO:root:liquidclimberworker: package is: 2
INFO:root:liquidclimberworker pack-ver: 25
INFO:root:liquidclimberworker calling hunter
INFO:root:hunter: packagestopush [2]
INFO:root:hunter: newsourcemap {1: [1, 2, 3, 4, 5, 6, 7, 8, 9, 10], 2: [1, 2, 3, 4, 5]}
INFO:root:trying temp3 : {1: 8, 2: 5}
INFO:root:--- checkworks listofpackversions, lastpackchanged:{1: 8, 2: 5} 2
INFO:root:--- checkworks package before : [] 1
INFO:root:--- memorydecidepackage historyofpackversions is empty
INFO:root: -- checkworks memorydecidepackage returned true
INFO:root:--- checkworks package after : 1
INFO:root:--- checkworks package before : [[1, 8]] 2
INFO:root:+++ memorydecidepackage -- position 2
INFO:root: -- checkworks memorydecidepackage returned true
INFO:root:--- checkworks package after : 2
INFO:root:Tested configuration in works: {1: 8, 2: 5}
INFO:root:Running number of configurations tested: 24
INFO:root:findminimal currentconf: {1: 8, 2: 5}
INFO:root:  findminimal P: 2
INFO:root:  findminimal s: {1: 1, 2: 1}
INFO:root:  findminimal flag: False
INFO:root:  findminimal s: {1: 8, 2: 3}
INFO:root:  findminimal flag: True
INFO:root:  findminimal is returning True
INFO:root:trying temp3 : {1: 8, 2: 4}
INFO:root:--- checkworks listofpackversions, lastpackchanged:{1: 8, 2: 4} 2
INFO:root:--- checkworks package before : [] 1
INFO:root:--- memorydecidepackage historyofpackversions is empty
INFO:root: -- checkworks memorydecidepackage returned true
INFO:root:--- checkworks package after : 1
INFO:root:--- checkworks package before : [[1, 8]] 2
INFO:root:+++ memorydecidepackage -- position 2
INFO:root: -- checkworks memorydecidepackage returned true
INFO:root:--- checkworks package after : 2
INFO:root:Tested configuration in works: {1: 8, 2: 4}
INFO:root:Running number of configurations tested: 25
INFO:root:findminimal currentconf: {1: 8, 2: 4}
INFO:root:  findminimal P: 2
INFO:root:  findminimal s: {1: 1, 2: 1}
INFO:root:  findminimal flag: False
INFO:root:  findminimal s: {1: 8, 2: 3}
INFO:root:  findminimal flag: True
INFO:root:  findminimal is returning True
INFO:root:trying temp3 : {1: 8, 2: 3}
INFO:root:--- checkworks listofpackversions, lastpackchanged:{1: 8, 2: 3} 2
INFO:root:listofpackversions: {1: 8, 2: 3}
INFO:root:matching successful run: {1: 8, 2: 3}
INFO:root:xxx successful config: {1: 8, 2: 3}
INFO:root:return value: {1: 8, 2: 3} for config: {1: 8, 2: 5}
